Using pre-set license
Built from '2021.1/release' branch; Version is '2021.1.10f1 (b15f561b2cef) revision 11624278'; Using compiler version '192528614'; Build Type 'Release'
OS: 'Windows 10 Pro Education; OS build 19043.1165; Version 2009; 64bit' Language: 'en' Physical Memory: 16318 MB
BatchMode: 1, IsHumanControllingUs: 0, StartBugReporterOnCrash: 0, Is64bit: 1, IsPro: 0

 COMMAND LINE ARGUMENTS:
C:\Folders\GameStuff\unityProjects\2021.1.10f1\Editor\Unity.exe
-adb2
-batchMode
-noUpm
-name
AssetImportWorker2
-projectPath
C:/GitNHub/Blind/Blind
-logFile
Logs/AssetImportWorker2.log
-srvPort
56856
Successfully changed project path to: C:/GitNHub/Blind/Blind
C:/GitNHub/Blind/Blind
Using Asset Import Pipeline V2.
Refreshing native plugins compatible for Editor in 108.29 ms, found 3 plugins.
Preloading 0 native plugins for Editor in 0.00 ms.
Initialize engine version: 2021.1.10f1 (b15f561b2cef)
[Subsystems] Discovering subsystems at path C:/Folders/GameStuff/unityProjects/2021.1.10f1/Editor/Data/Resources/UnitySubsystems
[Subsystems] Discovering subsystems at path C:/GitNHub/Blind/Blind/Assets
GfxDevice: creating device client; threaded=0; jobified=0
Direct3D:
    Version:  Direct3D 11.0 [level 11.1]
    Renderer: NVIDIA GeForce GTX 1080 (ID=0x1b80)
    Vendor:   NVIDIA
    VRAM:     8079 MB
    Driver:   30.0.14.7168
Shader 'Universal Render Pipeline/Particles/Lit': fallback shader 'Universal Render Pipeline/Particles/SimpleLit' not found
Initialize mono
Mono path[0] = 'C:/Folders/GameStuff/unityProjects/2021.1.10f1/Editor/Data/Managed'
Mono path[1] = 'C:/Folders/GameStuff/unityProjects/2021.1.10f1/Editor/Data/MonoBleedingEdge/lib/mono/unityjit'
Mono config path = 'C:/Folders/GameStuff/unityProjects/2021.1.10f1/Editor/Data/MonoBleedingEdge/etc'
Using monoOptions --debugger-agent=transport=dt_socket,embedding=1,server=y,suspend=n,address=127.0.0.1:56140
Begin MonoManager ReloadAssembly
Registering precompiled unity dll's ...
Register platform support module: C:/Folders/GameStuff/unityProjects/2021.1.10f1/Editor/Data/PlaybackEngines/WebGLSupport/UnityEditor.WebGL.Extensions.dll
Register platform support module: C:/Folders/GameStuff/unityProjects/2021.1.10f1/Editor/Data/PlaybackEngines/MacStandaloneSupport/UnityEditor.OSXStandalone.Extensions.dll
Register platform support module: C:/Folders/GameStuff/unityProjects/2021.1.10f1/Editor/Data/PlaybackEngines/WindowsStandaloneSupport/UnityEditor.WindowsStandalone.Extensions.dll
Register platform support module: C:/Folders/GameStuff/unityProjects/2021.1.10f1/Editor/Data/PlaybackEngines/LinuxStandaloneSupport/UnityEditor.LinuxStandalone.Extensions.dll
Registered in 0.002414 seconds.
Native extension for LinuxStandalone target not found
Native extension for WindowsStandalone target not found
Native extension for OSXStandalone target not found
Native extension for WebGL target not found
Refreshing native plugins compatible for Editor in 127.99 ms, found 3 plugins.
Preloading 0 native plugins for Editor in 0.00 ms.
Mono: successfully reloaded assembly
- Completed reload, in  3.169 seconds
Domain Reload Profiling:
	ReloadAssembly (3170ms)
		BeginReloadAssembly (46ms)
			ExecutionOrderSort (0ms)
			DisableScriptedObjects (0ms)
			BackupInstance (0ms)
			ReleaseScriptingObjects (0ms)
			CreateAndSetChildDomain (1ms)
		EndReloadAssembly (555ms)
			LoadAssemblies (44ms)
			RebuildTransferFunctionScriptingTraits (0ms)
			SetupTypeCache (230ms)
			ReleaseScriptCaches (0ms)
			RebuildScriptCaches (27ms)
			SetupLoadedEditorAssemblies (256ms)
				LogAssemblyErrors (0ms)
				InitializePlatformSupportModulesInManaged (8ms)
				SetLoadedEditorAssemblies (0ms)
				RefreshPlugins (128ms)
				BeforeProcessingInitializeOnLoad (1ms)
				ProcessInitializeOnLoadAttributes (89ms)
				ProcessInitializeOnLoadMethodAttributes (30ms)
				AfterProcessingInitializeOnLoad (0ms)
				EditorAssembliesLoaded (0ms)
			ExecutionOrderSort2 (0ms)
			AwakeInstancesAfterBackupRestoration (0ms)
Platform modules already initialized, skipping
Registering precompiled user dll's ...
Registered in 0.008051 seconds.
Begin MonoManager ReloadAssembly
Symbol file LoadedFromMemory doesn't match image C:\GitNHub\Blind\Blind\Library\PackageCache\com.unity.visualscripting@1.6.1\Editor\VisualScripting.Core\Dependencies\YamlDotNet\Unity.VisualScripting.YamlDotNet.dll
Symbol file LoadedFromMemory doesn't match image C:\GitNHub\Blind\Blind\Library\PackageCache\com.unity.visualscripting@1.6.1\Editor\VisualScripting.Core\Dependencies\DotNetZip\Unity.VisualScripting.IonicZip.dll
Native extension for LinuxStandalone target not found
Native extension for WindowsStandalone target not found
Native extension for OSXStandalone target not found
Native extension for WebGL target not found
Refreshing native plugins compatible for Editor in 106.15 ms, found 3 plugins.
Preloading 0 native plugins for Editor in 0.00 ms.
Mono: successfully reloaded assembly
- Completed reload, in  1.715 seconds
Domain Reload Profiling:
	ReloadAssembly (1716ms)
		BeginReloadAssembly (127ms)
			ExecutionOrderSort (0ms)
			DisableScriptedObjects (4ms)
			BackupInstance (0ms)
			ReleaseScriptingObjects (0ms)
			CreateAndSetChildDomain (17ms)
		EndReloadAssembly (1535ms)
			LoadAssemblies (80ms)
			RebuildTransferFunctionScriptingTraits (0ms)
			SetupTypeCache (354ms)
			ReleaseScriptCaches (1ms)
			RebuildScriptCaches (60ms)
			SetupLoadedEditorAssemblies (952ms)
				LogAssemblyErrors (0ms)
				InitializePlatformSupportModulesInManaged (6ms)
				SetLoadedEditorAssemblies (0ms)
				RefreshPlugins (106ms)
				BeforeProcessingInitializeOnLoad (115ms)
				ProcessInitializeOnLoadAttributes (710ms)
				ProcessInitializeOnLoadMethodAttributes (7ms)
				AfterProcessingInitializeOnLoad (6ms)
				EditorAssembliesLoaded (0ms)
			ExecutionOrderSort2 (0ms)
			AwakeInstancesAfterBackupRestoration (5ms)
Platform modules already initialized, skipping
========================================================================
Worker process is ready to serve import requests
Shader 'Universal Render Pipeline/Particles/Lit': fallback shader 'Universal Render Pipeline/Particles/SimpleLit' not found
Launched and connected shader compiler UnityShaderCompiler.exe after 0.07 seconds
Refreshing native plugins compatible for Editor in 1.03 ms, found 3 plugins.
Preloading 0 native plugins for Editor in 0.00 ms.
Unloading 5214 Unused Serialized files (Serialized files now loaded: 0)
System memory in use before: 217.2 MB.
System memory in use after: 217.6 MB.

Unloading 162 unused Assets to reduce memory usage. Loaded Objects now: 5653.
Total: 3.738900 ms (FindLiveObjects: 0.368400 ms CreateObjectMapping: 0.287700 ms MarkObjects: 2.856300 ms  DeleteObjects: 0.225100 ms)

AssetImportParameters requested are different than current active one (requested -> active):
  custom:framework-win-MediaFoundation: 216162199b28c13a410421893ffa2e32 -> 
  custom:video-decoder-ogg-theora: a1e56fd34408186e4bbccfd4996cb3dc -> 
  custom:container-muxer-webm: aa71ff27fc2769a1b78a27578f13a17b -> 
  custom:container-demuxer-webm: 4f35f7cbe854078d1ac9338744f61a02 -> 
  custom:container-demuxer-ogg: 62fdf1f143b41e24485cea50d1cbac27 -> 
  custom:video-encoder-webm-vp8: eb34c28f22e8b96e1ab97ce403110664 -> 
  custom:video-codec-MediaFoundation-h265: 746d11721c4dcdbdad8f713fa42b33f4 -> 
  custom:video-decoder-webm-vp8: 9c59270c3fd7afecdb556c50c9e8de78 -> 
  custom:audio-decoder-ogg-vorbis: bf7c407c2cedff20999df2af8eb42d56 -> 
  custom:audio-encoder-webm-vorbis: bf7c407c2cedff20999df2af8eb42d56 -> 
========================================================================
Received Import Request.
  path: Assets/Folders/Art/Animations/ZombieRunning.fbx
  artifactKey: Guid(8439fd676ab2ecf45bfde72a3d74e23a) Importer(815301076,1909f56bfc062723c751e8b465ee728b)
Start importing Assets/Folders/Art/Animations/ZombieRunning.fbx using Guid(8439fd676ab2ecf45bfde72a3d74e23a) Importer(815301076,1909f56bfc062723c751e8b465ee728b)  -> (artifact id: '233ae2752f7ace03aeac420d753d61d5') in 0.113792 seconds 
========================================================================
Received Import Request.
  Time since last request: 7.992941 seconds.
  path: Assets/Folders/Art/Animations/ZombieRunning.fbx
  artifactKey: Guid(8439fd676ab2ecf45bfde72a3d74e23a) Importer(815301076,1909f56bfc062723c751e8b465ee728b)
Start importing Assets/Folders/Art/Animations/ZombieRunning.fbx using Guid(8439fd676ab2ecf45bfde72a3d74e23a) Importer(815301076,1909f56bfc062723c751e8b465ee728b)  -> (artifact id: '4355a2fab1dc9989678559d325d43c2b') in 0.006800 seconds 
========================================================================
Received Import Request.
  Time since last request: 29.886032 seconds.
  path: Assets/Folders/Art/Animations/ZombieRunning.fbx
  artifactKey: Guid(8439fd676ab2ecf45bfde72a3d74e23a) Importer(815301076,1909f56bfc062723c751e8b465ee728b)
Start importing Assets/Folders/Art/Animations/ZombieRunning.fbx using Guid(8439fd676ab2ecf45bfde72a3d74e23a) Importer(815301076,1909f56bfc062723c751e8b465ee728b)  -> (artifact id: '5877e7952f3868c4fee96451e5f44fce') in 0.006245 seconds 
========================================================================
Received Import Request.
  Time since last request: 58.927780 seconds.
  path: Assets/Folders/Prefabs/Zombie.prefab
  artifactKey: Guid(f8509cc199914a74ab296ca0d3d5acb4) Importer(815301076,1909f56bfc062723c751e8b465ee728b)
Start importing Assets/Folders/Prefabs/Zombie.prefab using Guid(f8509cc199914a74ab296ca0d3d5acb4) Importer(815301076,1909f56bfc062723c751e8b465ee728b)  -> (artifact id: '5952cfbbda47db79c0b3e987d7759fbd') in 0.224095 seconds 
========================================================================
Received Import Request.
  Time since last request: 0.000242 seconds.
  path: Assets/Folders/Prefabs/Zombie2.prefab
  artifactKey: Guid(55e9d3bcdb14a954aa2fca50d429a8d4) Importer(815301076,1909f56bfc062723c751e8b465ee728b)
Start importing Assets/Folders/Prefabs/Zombie2.prefab using Guid(55e9d3bcdb14a954aa2fca50d429a8d4) Importer(815301076,1909f56bfc062723c751e8b465ee728b)  -> (artifact id: 'd50738ed89636741f05ec8c93f75569b') in 0.024235 seconds 
========================================================================
Received Import Request.
  Time since last request: 0.000273 seconds.
  path: Assets/Folders/Prefabs/ZombieNOPARENT.prefab
  artifactKey: Guid(c7f84a2b0721c2d4b8d2a611fb4f52b4) Importer(815301076,1909f56bfc062723c751e8b465ee728b)
Start importing Assets/Folders/Prefabs/ZombieNOPARENT.prefab using Guid(c7f84a2b0721c2d4b8d2a611fb4f52b4) Importer(815301076,1909f56bfc062723c751e8b465ee728b)  -> (artifact id: 'acd12db87248ae39c43ff8f33fc2406a') in 0.019131 seconds 
========================================================================
Received Import Request.
  Time since last request: 0.000325 seconds.
  path: Assets/Folders/Prefabs/Zombiee.prefab
  artifactKey: Guid(67c06fcf38d6dc54dafb743316739de7) Importer(815301076,1909f56bfc062723c751e8b465ee728b)
Start importing Assets/Folders/Prefabs/Zombiee.prefab using Guid(67c06fcf38d6dc54dafb743316739de7) Importer(815301076,1909f56bfc062723c751e8b465ee728b)  -> (artifact id: 'cfd35a603f6b1f8a583ab48b7d084ab3') in 0.020899 seconds 
========================================================================
Received Import Request.
  Time since last request: 77.231176 seconds.
  path: Assets/StarterAssets/ThirdPersonController/Character/Animations/StarterAssetsThirdPerson.controller
  artifactKey: Guid(40db3173a05ae3242b1c182a09b0a183) Importer(815301076,1909f56bfc062723c751e8b465ee728b)
Start importing Assets/StarterAssets/ThirdPersonController/Character/Animations/StarterAssetsThirdPerson.controller using Guid(40db3173a05ae3242b1c182a09b0a183) Importer(815301076,1909f56bfc062723c751e8b465ee728b)  -> (artifact id: 'eb10b4a9083d1950e9bba75c89b1f01f') in 0.007345 seconds 
